# JRE version: Java(TM) SE Runtime Environment (12.0.2+10) (build 12.0.2+10)
# Java VM: Java HotSpot(TM) 64-Bit Server VM (12.0.2+10, mixed mode, sharing, tiered, compressed oops, g1 gc, bsd-amd64)
Heap:
 garbage-first heap   total 291840K, used 175908K [0x0000000700000000, 0x0000000800000000)
  region size 1024K, 7 young (7168K), 2 survivors (2048K)
 Metaspace       used 16497K, capacity 17180K, committed 17536K, reserved 1064960K
  class space    used 2311K, capacity 2600K, committed 2688K, reserved 1048576K
GC Heap History (6 events):
Event: 0.970 GC heap before
{Heap before GC invocations=0 (full 0):
 garbage-first heap   total 264192K, used 24288K [0x0000000700000000, 0x0000000800000000)
  region size 1024K, 24 young (24576K), 0 survivors (0K)
 Metaspace       used 7614K, capacity 8803K, committed 9088K, reserved 1056768K
  class space    used 942K, capacity 1111K, committed 1152K, reserved 1048576K
}
Event: 0.980 GC heap after
{Heap after GC invocations=1 (full 0):
 garbage-first heap   total 264192K, used 4208K [0x0000000700000000, 0x0000000800000000)
  region size 1024K, 3 young (3072K), 3 survivors (3072K)
 Metaspace       used 7614K, capacity 8803K, committed 9088K, reserved 1056768K
  class space    used 942K, capacity 1111K, committed 1152K, reserved 1048576K
}
Event: 1.510 GC heap before
{Heap before GC invocations=1 (full 0):
 garbage-first heap   total 264192K, used 22640K [0x0000000700000000, 0x0000000800000000)
  region size 1024K, 18 young (18432K), 3 survivors (3072K)
 Metaspace       used 10563K, capacity 11190K, committed 11392K, reserved 1058816K
  class space    used 1410K, capacity 1592K, committed 1664K, reserved 1048576K
}
Event: 1.529 GC heap after
{Heap after GC invocations=2 (full 0):
 garbage-first heap   total 264192K, used 11188K [0x0000000700000000, 0x0000000800000000)
  region size 1024K, 6 young (6144K), 6 survivors (6144K)
 Metaspace       used 10563K, capacity 11190K, committed 11392K, reserved 1058816K
  class space    used 1410K, capacity 1592K, committed 1664K, reserved 1048576K
}
Event: 2.769 GC heap before
{Heap before GC invocations=3 (full 0):
 garbage-first heap   total 283648K, used 185268K [0x0000000700000000, 0x0000000800000000)
  region size 1024K, 24 young (24576K), 6 survivors (6144K)
 Metaspace       used 15368K, capacity 16081K, committed 16384K, reserved 1062912K
  class space    used 2250K, capacity 2535K, committed 2560K, reserved 1048576K
}
Event: 2.788 GC heap after
{Heap after GC invocations=4 (full 0):
 garbage-first heap   total 283648K, used 169764K [0x0000000700000000, 0x0000000800000000)
  region size 1024K, 2 young (2048K), 2 survivors (2048K)
 Metaspace       used 15368K, capacity 16081K, committed 16384K, reserved 1062912K
  class space    used 2250K, capacity 2535K, committed 2560K, reserved 1048576K
}

